<?xml version="1.0" encoding="UTF-8"?>
<!-- Generated by org.testng.reporters.JUnitXMLReporter -->
<testsuite ignored="0" hostname="DESKTOP-L5FPDVB" failures="0" tests="2" name="Test" time="0.596" errors="0" timestamp="2022-11-17T00:39:33 IST">
  <testcase classname="DataDrivenExcel.ExcelDataDriven.BrowserLaunchTest" name="@BeforeTest LaunchBrowser" time="0.006">
    <failure type="java.lang.NullPointerException" message="Cannot invoke &amp;quot;org.openqa.selenium.WebDriver.manage()&amp;quot; because &amp;quot;this.driver&amp;quot; is null">
      <![CDATA[java.lang.NullPointerException: Cannot invoke "org.openqa.selenium.WebDriver.manage()" because "this.driver" is null
at DataDrivenExcel.ExcelDataDriven.BrowserLaunchTest.initialize_webdriver(BrowserLaunchTest.java:28)
at DataDrivenExcel.ExcelDataDriven.BrowserLaunchTest.LaunchBrowser(BrowserLaunchTest.java:36)
... Removed 22 stack frames]]>
    </failure>
  </testcase> <!-- @BeforeTest LaunchBrowser -->
  <testcase classname="DataDrivenExcel.ExcelDataDriven.MainTest" name="testrun" time="0.0">
    <skipped/>
  </testcase> <!-- testrun -->
  <testcase classname="DataDrivenExcel.ExcelDataDriven.MainTest" name="testrun" time="0.0">
    <skipped/>
  </testcase> <!-- testrun -->
</testsuite> <!-- Test -->
